[2023-04-12T15:48:32.314] [ERROR] default - error: Error: Invalid login: 535 Authentication failed
[2023-04-12T15:51:21.784] [ERROR] default - error: Error: Invalid login: 535 Authentication failed
[2023-04-12T16:13:08.643] [ERROR] default - error: Error: Authenticate
[2023-04-12T16:22:18.524] [ERROR] default - error: Error: The 'To' number +57987654321 is not a valid phone number.
[2023-04-12T16:27:17.278] [ERROR] default - error: Error: The 'To' number +57987654321 is not a valid phone number.
[2023-04-19T17:07:52.724] [ERROR] default - MongoServerError: Cannot increment with non-numeric argument: {products.$.quantity: "2"}
    at Connection.onMessage (C:\Users\User\Desktop\Coder House\Backend\Api rest\node_modules\mongodb\lib\cmap\connection.js:230:30)
    at MessageStream.<anonymous> (C:\Users\User\Desktop\Coder House\Backend\Api rest\node_modules\mongodb\lib\cmap\connection.js:61:60)
    at MessageStream.emit (node:events:513:28)
    at processIncomingData (C:\Users\User\Desktop\Coder House\Backend\Api rest\node_modules\mongodb\lib\cmap\message_stream.js:125:16)
    at MessageStream._write (C:\Users\User\Desktop\Coder House\Backend\Api rest\node_modules\mongodb\lib\cmap\message_stream.js:33:9)
    at writeOrBuffer (node:internal/streams/writable:391:12)
    at _write (node:internal/streams/writable:332:10)
    at MessageStream.Writable.write (node:internal/streams/writable:336:10)
    at TLSSocket.ondata (node:internal/streams/readable:754:22)
    at TLSSocket.emit (node:events:513:28) {
  ok: 0,
  code: 14,
  codeName: 'TypeMismatch',
  '$clusterTime': {
    clusterTime: new Timestamp({ t: 1681942073, i: 26 }),
    signature: {
      hash: new Binary(Buffer.from("bc6b678b210145c27e644aa34351470cbd2b7f3c", "hex"), 0),
      keyId: new Long("7163362965570191377")
    }
  },
  operationTime: new Timestamp({ t: 1681942073, i: 26 }),
  [Symbol(errorLabels)]: Set(0) {}
}
[2023-04-19T17:12:35.240] [ERROR] default - MongoServerError: Plan executor error during findAndModify :: caused by :: Cannot apply $inc to a value of non-numeric type. {_id: ObjectId('6440653bb92440723066d7ae')} has the field 'quantity' of non-numeric type string
    at Connection.onMessage (C:\Users\User\Desktop\Coder House\Backend\Api rest\node_modules\mongodb\lib\cmap\connection.js:230:30)
    at MessageStream.<anonymous> (C:\Users\User\Desktop\Coder House\Backend\Api rest\node_modules\mongodb\lib\cmap\connection.js:61:60)
    at MessageStream.emit (node:events:513:28)
    at processIncomingData (C:\Users\User\Desktop\Coder House\Backend\Api rest\node_modules\mongodb\lib\cmap\message_stream.js:125:16)
    at MessageStream._write (C:\Users\User\Desktop\Coder House\Backend\Api rest\node_modules\mongodb\lib\cmap\message_stream.js:33:9)
    at writeOrBuffer (node:internal/streams/writable:391:12)
    at _write (node:internal/streams/writable:332:10)
    at MessageStream.Writable.write (node:internal/streams/writable:336:10)
    at TLSSocket.ondata (node:internal/streams/readable:754:22)
    at TLSSocket.emit (node:events:513:28) {
  ok: 0,
  code: 14,
  codeName: 'TypeMismatch',
  '$clusterTime': {
    clusterTime: new Timestamp({ t: 1681942356, i: 8 }),
    signature: {
      hash: new Binary(Buffer.from("fad7cd28f60bcd6c32efb61a65ea0bb348daaa13", "hex"), 0),
      keyId: new Long("7163362965570191377")
    }
  },
  operationTime: new Timestamp({ t: 1681942356, i: 8 }),
  [Symbol(errorLabels)]: Set(0) {}
}
[2023-04-19T17:14:57.368] [ERROR] default - MongoServerError: Plan executor error during findAndModify :: caused by :: Cannot apply $inc to a value of non-numeric type. {_id: ObjectId('6440653bb92440723066d7ae')} has the field 'quantity' of non-numeric type string
    at Connection.onMessage (C:\Users\User\Desktop\Coder House\Backend\Api rest\node_modules\mongodb\lib\cmap\connection.js:230:30)
    at MessageStream.<anonymous> (C:\Users\User\Desktop\Coder House\Backend\Api rest\node_modules\mongodb\lib\cmap\connection.js:61:60)
    at MessageStream.emit (node:events:513:28)
    at processIncomingData (C:\Users\User\Desktop\Coder House\Backend\Api rest\node_modules\mongodb\lib\cmap\message_stream.js:125:16)
    at MessageStream._write (C:\Users\User\Desktop\Coder House\Backend\Api rest\node_modules\mongodb\lib\cmap\message_stream.js:33:9)
    at writeOrBuffer (node:internal/streams/writable:391:12)
    at _write (node:internal/streams/writable:332:10)
    at MessageStream.Writable.write (node:internal/streams/writable:336:10)
    at TLSSocket.ondata (node:internal/streams/readable:754:22)
    at TLSSocket.emit (node:events:513:28) {
  ok: 0,
  code: 14,
  codeName: 'TypeMismatch',
  '$clusterTime': {
    clusterTime: new Timestamp({ t: 1681942498, i: 14 }),
    signature: {
      hash: new Binary(Buffer.from("688e63a27eaa78d3588ec2ea6006937e8214f768", "hex"), 0),
      keyId: new Long("7163362965570191377")
    }
  },
  operationTime: new Timestamp({ t: 1681942498, i: 14 }),
  [Symbol(errorLabels)]: Set(0) {}
}
[2023-04-19T17:17:59.027] [ERROR] default - MongoServerError: Cannot increment with non-numeric argument: {products.$.quantity: "1"}
    at Connection.onMessage (C:\Users\User\Desktop\Coder House\Backend\Api rest\node_modules\mongodb\lib\cmap\connection.js:230:30)
    at MessageStream.<anonymous> (C:\Users\User\Desktop\Coder House\Backend\Api rest\node_modules\mongodb\lib\cmap\connection.js:61:60)
    at MessageStream.emit (node:events:513:28)
    at processIncomingData (C:\Users\User\Desktop\Coder House\Backend\Api rest\node_modules\mongodb\lib\cmap\message_stream.js:125:16)
    at MessageStream._write (C:\Users\User\Desktop\Coder House\Backend\Api rest\node_modules\mongodb\lib\cmap\message_stream.js:33:9)
    at writeOrBuffer (node:internal/streams/writable:391:12)
    at _write (node:internal/streams/writable:332:10)
    at MessageStream.Writable.write (node:internal/streams/writable:336:10)
    at TLSSocket.ondata (node:internal/streams/readable:754:22)
    at TLSSocket.emit (node:events:513:28) {
  ok: 0,
  code: 14,
  codeName: 'TypeMismatch',
  '$clusterTime': {
    clusterTime: new Timestamp({ t: 1681942680, i: 2 }),
    signature: {
      hash: new Binary(Buffer.from("b719d54d6d43d6248e5f3abf9f60d489e98b4a13", "hex"), 0),
      keyId: new Long("7163362965570191377")
    }
  },
  operationTime: new Timestamp({ t: 1681942680, i: 2 }),
  [Symbol(errorLabels)]: Set(0) {}
}
